<?xml version="1.0" encoding="UTF-8"?>
<testsuite xmlns:xsi="http://www.w3.org/2001/XMLSchema-instance" xsi:noNamespaceSchemaLocation="https://maven.apache.org/surefire/maven-surefire-plugin/xsd/surefire-test-report.xsd" version="3.0.1" name="es.upm.grise.profundizacion.file.FileTest" time="0.054" tests="6" errors="0" skipped="0" failures="0">
  <properties>
[...]
</properties>
  <testcase name="getCRC32EmptyContentReturnsZero" classname="es.upm.grise.profundizacion.file.FileTest" time="0.021"/>
  <testcase name="addPropertyAddsContent" classname="es.upm.grise.profundizacion.file.FileTest" time="0.001"/>
  <testcase name="constructorInitializesContent" classname="es.upm.grise.profundizacion.file.FileTest" time="0.002"/>
  <testcase name="addPropertyImageThrowsWrongFileTypeException" classname="es.upm.grise.profundizacion.file.FileTest" time="0.001"/>
  <testcase name="addPropertyNullThrows" classname="es.upm.grise.profundizacion.file.FileTest" time="0.002"/>
  <testcase name="getCRC32NonEmptyReturnsCalculatedValue" classname="es.upm.grise.profundizacion.file.FileTest" time="0.001"/>
</testsuite>